Container started @ GMT time: Sun, Feb 2, 2020 03:00:43 pm 
----------------------------------------------------------------------
Container Clock: 0
Agent 2(Cleaner) is initialized.
Active agent list: 
Suspended agent list: 
----------------------------------------------------------------------
Container Clock: 1
Active agent list: 2(Cleaner), 
Suspended agent list: 
----------------------------------------------------------------------
Container Clock: 2
Active agent list: 2(Cleaner), 
Suspended agent list: 
----------------------------------------------------------------------
Container Clock: 3
Active agent list: 2(Cleaner), 
Suspended agent list: 
----------------------------------------------------------------------
Container Clock: 4
Active agent list: 2(Cleaner), 
Suspended agent list: 
----------------------------------------------------------------------
Container Clock: 5
Active agent list: 2(Cleaner), 
Suspended agent list: 
----------------------------------------------------------------------
Container Clock: 6
Active agent list: 2(Cleaner), 
Suspended agent list: 
----------------------------------------------------------------------
Container Clock: 7
Active agent list: 2(Cleaner), 
Suspended agent list: 
----------------------------------------------------------------------
Container Clock: 8
Active agent list: 2(Cleaner), 
Suspended agent list: 
----------------------------------------------------------------------
Container Clock: 9
Active agent list: 2(Cleaner), 
Suspended agent list: 
----------------------------------------------------------------------
Container Clock: 10
Active agent list: 2(Cleaner), 
Suspended agent list: 
----------------------------------------------------------------------
Container Clock: 11
Active agent list: 2(Cleaner), 
Suspended agent list: 
----------------------------------------------------------------------
Container Clock: 12
Active agent list: 2(Cleaner), 
Suspended agent list: 
----------------------------------------------------------------------
Container Clock: 13
Active agent list: 2(Cleaner), 
Suspended agent list: 
----------------------------------------------------------------------
Container Clock: 14
Active agent list: 2(Cleaner), 
Suspended agent list: 
----------------------------------------------------------------------
Container Clock: 15
Active agent list: 
Suspended agent list: 2(Cleaner), 
----------------------------------------------------------------------
Container Clock: 16
Active agent list: 
Suspended agent list: 2(Cleaner), 
----------------------------------------------------------------------
Container Clock: 17
Active agent list: 
Suspended agent list: 2(Cleaner), 
----------------------------------------------------------------------
Container Clock: 18
Active agent list: 
Suspended agent list: 2(Cleaner), 
----------------------------------------------------------------------
Container Clock: 19
Active agent list: 
Suspended agent list: 2(Cleaner), 
----------------------------------------------------------------------
Container Clock: 20
Active agent list: 
Suspended agent list: 2(Cleaner), 
----------------------------------------------------------------------
Container Clock: 21
Active agent list: 
Suspended agent list: 2(Cleaner), 
----------------------------------------------------------------------
Container Clock: 22
Active agent list: 
Suspended agent list: 2(Cleaner), 
----------------------------------------------------------------------
Container Clock: 23
Active agent list: 
Suspended agent list: 2(Cleaner), 
----------------------------------------------------------------------
Container Clock: 24
Active agent list: 
Suspended agent list: 2(Cleaner), 
----------------------------------------------------------------------
Container Clock: 25
Active agent list: 
Suspended agent list: 2(Cleaner), 
----------------------------------------------------------------------
Container Clock: 26
Active agent list: 
Suspended agent list: 2(Cleaner), 
----------------------------------------------------------------------
Container Clock: 27
Active agent list: 
Suspended agent list: 2(Cleaner), 
----------------------------------------------------------------------
Container Clock: 28
Active agent list: 
Suspended agent list: 2(Cleaner), 
----------------------------------------------------------------------
Container Clock: 29
Active agent list: 
Suspended agent list: 2(Cleaner), 
----------------------------------------------------------------------
Container Clock: 30
Active agent list: 
Suspended agent list: 2(Cleaner), 
----------------------------------------------------------------------
Container Clock: 31
Active agent list: 
Suspended agent list: 2(Cleaner), 
----------------------------------------------------------------------
Container Clock: 32
Active agent list: 
Suspended agent list: 2(Cleaner), 
----------------------------------------------------------------------
Container Clock: 33
Active agent list: 
Suspended agent list: 2(Cleaner), 
----------------------------------------------------------------------
Container Clock: 34
Active agent list: 
Suspended agent list: 2(Cleaner), 
----------------------------------------------------------------------
Container Clock: 35
Active agent list: 
Suspended agent list: 2(Cleaner), 
----------------------------------------------------------------------
Container Clock: 36
Active agent list: 
Suspended agent list: 2(Cleaner), 
----------------------------------------------------------------------
Container Clock: 37
Active agent list: 
Suspended agent list: 2(Cleaner), 
----------------------------------------------------------------------
Container Clock: 38
Active agent list: 
Suspended agent list: 2(Cleaner), 
----------------------------------------------------------------------
Container Clock: 39
Active agent list: 
Suspended agent list: 2(Cleaner), 
----------------------------------------------------------------------
Container Clock: 40
Active agent list: 
Suspended agent list: 2(Cleaner), 
----------------------------------------------------------------------
Container Clock: 41
Active agent list: 
Suspended agent list: 2(Cleaner), 
----------------------------------------------------------------------
Container Clock: 42
Active agent list: 
Suspended agent list: 2(Cleaner), 
----------------------------------------------------------------------
Container Clock: 43
Active agent list: 
Suspended agent list: 2(Cleaner), 
----------------------------------------------------------------------
Container Clock: 44
Active agent list: 
Suspended agent list: 2(Cleaner), 
----------------------------------------------------------------------
Container Clock: 45
Active agent list: 
Suspended agent list: 2(Cleaner), 
----------------------------------------------------------------------
Container Clock: 46
Active agent list: 
Suspended agent list: 2(Cleaner), 
----------------------------------------------------------------------
Container Clock: 47
Active agent list: 
Suspended agent list: 2(Cleaner), 
----------------------------------------------------------------------
Container Clock: 48
Active agent list: 
Suspended agent list: 2(Cleaner), 
----------------------------------------------------------------------
Container Clock: 49
Active agent list: 
Suspended agent list: 2(Cleaner), 
----------------------------------------------------------------------
Container Clock: 50
Active agent list: 
Suspended agent list: 2(Cleaner), 
----------------------------------------------------------------------
Container Clock: 51
Active agent list: 
Suspended agent list: 2(Cleaner), 
----------------------------------------------------------------------
Container Clock: 52
Active agent list: 
Suspended agent list: 2(Cleaner), 
----------------------------------------------------------------------
Container Clock: 53
Active agent list: 
Suspended agent list: 2(Cleaner), 
----------------------------------------------------------------------
Container Clock: 54
Active agent list: 
Suspended agent list: 2(Cleaner), 
----------------------------------------------------------------------
Container Clock: 55
Active agent list: 
Suspended agent list: 2(Cleaner), 
----------------------------------------------------------------------
Container Clock: 56
Active agent list: 
Suspended agent list: 2(Cleaner), 
----------------------------------------------------------------------
Container Clock: 57
Active agent list: 
Suspended agent list: 2(Cleaner), 
----------------------------------------------------------------------
Container Clock: 58
Active agent list: 
Suspended agent list: 2(Cleaner), 
----------------------------------------------------------------------
Container Clock: 59
Active agent list: 
Suspended agent list: 2(Cleaner), 
----------------------------------------------------------------------
Container Clock: 60
Active agent list: 
Suspended agent list: 2(Cleaner), 
----------------------------------------------------------------------
Container Clock: 61
Active agent list: 
Suspended agent list: 2(Cleaner), 
----------------------------------------------------------------------
Container Clock: 62
Active agent list: 
Suspended agent list: 2(Cleaner), 
----------------------------------------------------------------------
Container Clock: 63
Active agent list: 
Suspended agent list: 2(Cleaner), 
----------------------------------------------------------------------
Container Clock: 64
Active agent list: 
Suspended agent list: 2(Cleaner), 
----------------------------------------------------------------------
Container Clock: 65
Active agent list: 
Suspended agent list: 2(Cleaner), 
----------------------------------------------------------------------
Container Clock: 66
Active agent list: 
Suspended agent list: 2(Cleaner), 
