Container started @ GMT time: Wed, Feb 12, 2020 08:15:21 pm 
----------------------------------------------------------------------
Container Clock: 0
Agent 0(Cleaner) is initialized.
Agent 1(Cleaner) is initialized.
Active agent list: 
Suspended agent list: 
----------------------------------------------------------------------
Container Clock: 1
Active agent list: 0(Cleaner), 1(Cleaner), 
Suspended agent list: 
----------------------------------------------------------------------
Container Clock: 2
Send Message<query, Sender:container_0_1, Receiver:ams,cleaner,reply_whatever> to Server.
Active agent list: 0(Cleaner), 1(Cleaner), 
Suspended agent list: 
----------------------------------------------------------------------
Container Clock: 3
Active agent list: 0(Cleaner), 1(Cleaner), 
Suspended agent list: 
----------------------------------------------------------------------
Container Clock: 4
Active agent list: 0(Cleaner), 1(Cleaner), 
Suspended agent list: 
----------------------------------------------------------------------
Container Clock: 5
Active agent list: 0(Cleaner), 1(Cleaner), 
Suspended agent list: 
----------------------------------------------------------------------
Container Clock: 6
Active agent list: 0(Cleaner), 1(Cleaner), 
Suspended agent list: 
----------------------------------------------------------------------
Container Clock: 7
Active agent list: 0(Cleaner), 1(Cleaner), 
Suspended agent list: 
----------------------------------------------------------------------
Container Clock: 8
Active agent list: 0(Cleaner), 1(Cleaner), 
Suspended agent list: 
----------------------------------------------------------------------
Container Clock: 9
Active agent list: 0(Cleaner), 1(Cleaner), 
Suspended agent list: 
----------------------------------------------------------------------
Container Clock: 10
Active agent list: 0(Cleaner), 1(Cleaner), 
Suspended agent list: 
----------------------------------------------------------------------
Container Clock: 11
Active agent list: 0(Cleaner), 1(Cleaner), 
Suspended agent list: 
----------------------------------------------------------------------
Container Clock: 12
Active agent list: 0(Cleaner), 1(Cleaner), 
Suspended agent list: 
----------------------------------------------------------------------
Container Clock: 13
Active agent list: 0(Cleaner), 1(Cleaner), 
Suspended agent list: 
----------------------------------------------------------------------
Container Clock: 14
Active agent list: 0(Cleaner), 1(Cleaner), 
Suspended agent list: 
----------------------------------------------------------------------
Container Clock: 15
Active agent list: 0(Cleaner), 1(Cleaner), 
Suspended agent list: 
----------------------------------------------------------------------
Container Clock: 16
Active agent list: 0(Cleaner), 1(Cleaner), 
Suspended agent list: 
----------------------------------------------------------------------
Container Clock: 17
Active agent list: 1(Cleaner), 
Suspended agent list: 0(Cleaner), 
----------------------------------------------------------------------
Container Clock: 18
Active agent list: 1(Cleaner), 
Suspended agent list: 0(Cleaner), 
----------------------------------------------------------------------
Container Clock: 19
Active agent list: 1(Cleaner), 
Suspended agent list: 0(Cleaner), 
----------------------------------------------------------------------
Container Clock: 20
Active agent list: 
Suspended agent list: 0(Cleaner), 1(Cleaner), 
----------------------------------------------------------------------
Container Clock: 21
Active agent list: 
Suspended agent list: 0(Cleaner), 1(Cleaner), 
----------------------------------------------------------------------
Container Clock: 22
Active agent list: 
Suspended agent list: 0(Cleaner), 1(Cleaner), 
----------------------------------------------------------------------
Container Clock: 23
Active agent list: 
Suspended agent list: 0(Cleaner), 1(Cleaner), 
----------------------------------------------------------------------
Container Clock: 24
Active agent list: 
Suspended agent list: 0(Cleaner), 1(Cleaner), 
----------------------------------------------------------------------
Container Clock: 25
Active agent list: 
Suspended agent list: 0(Cleaner), 1(Cleaner), 
----------------------------------------------------------------------
Container Clock: 26
Active agent list: 
Suspended agent list: 0(Cleaner), 1(Cleaner), 
----------------------------------------------------------------------
Container Clock: 27
Active agent list: 
Suspended agent list: 0(Cleaner), 1(Cleaner), 
----------------------------------------------------------------------
Container Clock: 28
Active agent list: 
Suspended agent list: 0(Cleaner), 1(Cleaner), 
----------------------------------------------------------------------
Container Clock: 29
Active agent list: 
Suspended agent list: 0(Cleaner), 1(Cleaner), 
----------------------------------------------------------------------
Container Clock: 30
Active agent list: 
Suspended agent list: 0(Cleaner), 1(Cleaner), 
----------------------------------------------------------------------
Container Clock: 31
Active agent list: 
Suspended agent list: 0(Cleaner), 1(Cleaner), 
----------------------------------------------------------------------
Container Clock: 32
Active agent list: 
Suspended agent list: 0(Cleaner), 1(Cleaner), 
----------------------------------------------------------------------
Container Clock: 33
Active agent list: 
Suspended agent list: 0(Cleaner), 1(Cleaner), 
----------------------------------------------------------------------
Container Clock: 34
Active agent list: 
Suspended agent list: 0(Cleaner), 1(Cleaner), 
----------------------------------------------------------------------
Container Clock: 35
Active agent list: 
Suspended agent list: 0(Cleaner), 1(Cleaner), 
----------------------------------------------------------------------
Container Clock: 36
Active agent list: 
Suspended agent list: 0(Cleaner), 1(Cleaner), 
----------------------------------------------------------------------
Container Clock: 37
Active agent list: 
Suspended agent list: 0(Cleaner), 1(Cleaner), 
----------------------------------------------------------------------
Container Clock: 38
Active agent list: 
Suspended agent list: 0(Cleaner), 1(Cleaner), 
----------------------------------------------------------------------
Container Clock: 39
Active agent list: 
Suspended agent list: 0(Cleaner), 1(Cleaner), 
----------------------------------------------------------------------
Container Clock: 40
Active agent list: 
Suspended agent list: 0(Cleaner), 1(Cleaner), 
----------------------------------------------------------------------
Container Clock: 41
Active agent list: 
Suspended agent list: 0(Cleaner), 1(Cleaner), 
----------------------------------------------------------------------
Container Clock: 42
Active agent list: 
Suspended agent list: 0(Cleaner), 1(Cleaner), 
----------------------------------------------------------------------
Container Clock: 43
Active agent list: 
Suspended agent list: 0(Cleaner), 1(Cleaner), 
----------------------------------------------------------------------
Container Clock: 44
Active agent list: 
Suspended agent list: 0(Cleaner), 1(Cleaner), 
----------------------------------------------------------------------
Container Clock: 45
Active agent list: 
Suspended agent list: 0(Cleaner), 1(Cleaner), 
----------------------------------------------------------------------
Container Clock: 46
Active agent list: 
Suspended agent list: 0(Cleaner), 1(Cleaner), 
----------------------------------------------------------------------
Container Clock: 47
Active agent list: 
Suspended agent list: 0(Cleaner), 1(Cleaner), 
----------------------------------------------------------------------
Container Clock: 48
Active agent list: 
Suspended agent list: 0(Cleaner), 1(Cleaner), 
----------------------------------------------------------------------
Container Clock: 49
Active agent list: 
Suspended agent list: 0(Cleaner), 1(Cleaner), 
----------------------------------------------------------------------
Container Clock: 50
Active agent list: 
Suspended agent list: 0(Cleaner), 1(Cleaner), 
----------------------------------------------------------------------
Container Clock: 51
Active agent list: 
Suspended agent list: 0(Cleaner), 1(Cleaner), 
----------------------------------------------------------------------
Container Clock: 52
Active agent list: 
Suspended agent list: 0(Cleaner), 1(Cleaner), 
----------------------------------------------------------------------
Container Clock: 53
Active agent list: 
Suspended agent list: 0(Cleaner), 1(Cleaner), 
----------------------------------------------------------------------
Container Clock: 54
Active agent list: 
Suspended agent list: 0(Cleaner), 1(Cleaner), 
----------------------------------------------------------------------
Container Clock: 55
Active agent list: 
Suspended agent list: 0(Cleaner), 1(Cleaner), 
----------------------------------------------------------------------
Container Clock: 56
Active agent list: 
Suspended agent list: 0(Cleaner), 1(Cleaner), 
----------------------------------------------------------------------
Container Clock: 57
Active agent list: 
Suspended agent list: 0(Cleaner), 1(Cleaner), 
----------------------------------------------------------------------
Container Clock: 58
Active agent list: 
Suspended agent list: 0(Cleaner), 1(Cleaner), 
----------------------------------------------------------------------
Container Clock: 59
Active agent list: 
Suspended agent list: 0(Cleaner), 1(Cleaner), 
----------------------------------------------------------------------
Container Clock: 60
Active agent list: 
Suspended agent list: 0(Cleaner), 1(Cleaner), 
----------------------------------------------------------------------
Container Clock: 61
Active agent list: 
Suspended agent list: 0(Cleaner), 1(Cleaner), 
----------------------------------------------------------------------
Container Clock: 62
Active agent list: 
Suspended agent list: 0(Cleaner), 1(Cleaner), 
----------------------------------------------------------------------
Container Clock: 63
Active agent list: 
Suspended agent list: 0(Cleaner), 1(Cleaner), 
----------------------------------------------------------------------
Container Clock: 64
Active agent list: 
Suspended agent list: 0(Cleaner), 1(Cleaner), 
----------------------------------------------------------------------
Container Clock: 65
Active agent list: 
Suspended agent list: 0(Cleaner), 1(Cleaner), 
----------------------------------------------------------------------
Container Clock: 66
Active agent list: 
Suspended agent list: 0(Cleaner), 1(Cleaner), 
----------------------------------------------------------------------
Container Clock: 67
Active agent list: 
Suspended agent list: 0(Cleaner), 1(Cleaner), 
----------------------------------------------------------------------
Container Clock: 68
Active agent list: 
Suspended agent list: 0(Cleaner), 1(Cleaner), 
----------------------------------------------------------------------
Container Clock: 69
Active agent list: 
Suspended agent list: 0(Cleaner), 1(Cleaner), 
----------------------------------------------------------------------
Container Clock: 70
Active agent list: 
Suspended agent list: 0(Cleaner), 1(Cleaner), 
----------------------------------------------------------------------
Container Clock: 71
Active agent list: 
Suspended agent list: 0(Cleaner), 1(Cleaner), 
----------------------------------------------------------------------
Container Clock: 72
Active agent list: 
Suspended agent list: 0(Cleaner), 1(Cleaner), 
----------------------------------------------------------------------
Container Clock: 73
Active agent list: 
Suspended agent list: 0(Cleaner), 1(Cleaner), 
----------------------------------------------------------------------
Container Clock: 74
Active agent list: 
Suspended agent list: 0(Cleaner), 1(Cleaner), 
----------------------------------------------------------------------
Container Clock: 75
Active agent list: 
Suspended agent list: 0(Cleaner), 1(Cleaner), 
----------------------------------------------------------------------
Container Clock: 76
Active agent list: 
Suspended agent list: 0(Cleaner), 1(Cleaner), 
----------------------------------------------------------------------
Container Clock: 77
Active agent list: 
Suspended agent list: 0(Cleaner), 1(Cleaner), 
----------------------------------------------------------------------
Container Clock: 78
Active agent list: 
Suspended agent list: 0(Cleaner), 1(Cleaner), 
----------------------------------------------------------------------
Container Clock: 79
Active agent list: 
Suspended agent list: 0(Cleaner), 1(Cleaner), 
----------------------------------------------------------------------
Container Clock: 80
Active agent list: 
Suspended agent list: 0(Cleaner), 1(Cleaner), 
----------------------------------------------------------------------
Container Clock: 81
Active agent list: 
Suspended agent list: 0(Cleaner), 1(Cleaner), 
----------------------------------------------------------------------
Container Clock: 82
Active agent list: 
Suspended agent list: 0(Cleaner), 1(Cleaner), 
----------------------------------------------------------------------
Container Clock: 83
Active agent list: 
Suspended agent list: 0(Cleaner), 1(Cleaner), 
----------------------------------------------------------------------
Container Clock: 84
Active agent list: 
Suspended agent list: 0(Cleaner), 1(Cleaner), 
----------------------------------------------------------------------
Container Clock: 85
Active agent list: 
Suspended agent list: 0(Cleaner), 1(Cleaner), 
----------------------------------------------------------------------
Container Clock: 86
Active agent list: 
Suspended agent list: 0(Cleaner), 1(Cleaner), 
----------------------------------------------------------------------
Container Clock: 87
Active agent list: 
Suspended agent list: 0(Cleaner), 1(Cleaner), 
----------------------------------------------------------------------
Container Clock: 88
Active agent list: 
Suspended agent list: 0(Cleaner), 1(Cleaner), 
----------------------------------------------------------------------
Container Clock: 89
Active agent list: 
Suspended agent list: 0(Cleaner), 1(Cleaner), 
----------------------------------------------------------------------
Container Clock: 90
Active agent list: 
Suspended agent list: 0(Cleaner), 1(Cleaner), 
----------------------------------------------------------------------
Container Clock: 91
Active agent list: 
Suspended agent list: 0(Cleaner), 1(Cleaner), 
----------------------------------------------------------------------
Container Clock: 92
Active agent list: 
Suspended agent list: 0(Cleaner), 1(Cleaner), 
----------------------------------------------------------------------
Container Clock: 93
Active agent list: 
Suspended agent list: 0(Cleaner), 1(Cleaner), 
----------------------------------------------------------------------
Container Clock: 94
Active agent list: 
Suspended agent list: 0(Cleaner), 1(Cleaner), 
----------------------------------------------------------------------
Container Clock: 95
Active agent list: 
Suspended agent list: 0(Cleaner), 1(Cleaner), 
----------------------------------------------------------------------
Container Clock: 96
Active agent list: 
Suspended agent list: 0(Cleaner), 1(Cleaner), 
----------------------------------------------------------------------
Container Clock: 97
Active agent list: 
Suspended agent list: 0(Cleaner), 1(Cleaner), 
----------------------------------------------------------------------
Container Clock: 98
Active agent list: 
Suspended agent list: 0(Cleaner), 1(Cleaner), 
----------------------------------------------------------------------
Container Clock: 99
Active agent list: 
Suspended agent list: 0(Cleaner), 1(Cleaner), 
----------------------------------------------------------------------
Container Clock: 100
Active agent list: 
Suspended agent list: 0(Cleaner), 1(Cleaner), 
